{"/Users/marbocheng/Desktop/maintenance-app/db-postgres/connection.js": {"path":"/Users/marbocheng/Desktop/maintenance-app/db-postgres/connection.js","statementMap":{"0":{"start":{"line":1,"column":17},"end":{"line":1,"column":30}},"1":{"start":{"line":2,"column":15},"end":{"line":2,"column":39}},"2":{"start":{"line":4,"column":19},"end":{"line":4,"column":35}},"3":{"start":{"line":6,"column":0},"end":{"line":6,"column":28}}},"fnMap":{},"branchMap":{},"s":{"0":5,"1":5,"2":5,"3":5},"f":{},"b":{},"_coverageSchema":"43e27e138ebf9cfc5966b082cf9a028302ed4184","hash":"bcc718edcdba68569ad9d7f7510e42ac6f841ea5"}
,"/Users/marbocheng/Desktop/maintenance-app/db-postgres/controller.js": {"path":"/Users/marbocheng/Desktop/maintenance-app/db-postgres/controller.js","statementMap":{"0":{"start":{"line":1,"column":19},"end":{"line":1,"column":45}},"1":{"start":{"line":4,"column":20},"end":{"line":14,"column":1}},"2":{"start":{"line":5,"column":16},"end":{"line":6,"column":107}},"3":{"start":{"line":8,"column":2},"end":{"line":13,"column":5}},"4":{"start":{"line":9,"column":4},"end":{"line":12,"column":7}},"5":{"start":{"line":10,"column":6},"end":{"line":10,"column":34}},"6":{"start":{"line":10,"column":15},"end":{"line":10,"column":34}},"7":{"start":{"line":11,"column":6},"end":{"line":11,"column":19}},"8":{"start":{"line":15,"column":21},"end":{"line":27,"column":1}},"9":{"start":{"line":16,"column":16},"end":{"line":19,"column":39}},"10":{"start":{"line":21,"column":2},"end":{"line":26,"column":5}},"11":{"start":{"line":22,"column":4},"end":{"line":25,"column":7}},"12":{"start":{"line":23,"column":6},"end":{"line":23,"column":34}},"13":{"start":{"line":23,"column":15},"end":{"line":23,"column":34}},"14":{"start":{"line":24,"column":6},"end":{"line":24,"column":28}},"15":{"start":{"line":29,"column":28},"end":{"line":52,"column":1}},"16":{"start":{"line":30,"column":14},"end":{"line":30,"column":16}},"17":{"start":{"line":32,"column":2},"end":{"line":43,"column":3}},"18":{"start":{"line":32,"column":15},"end":{"line":32,"column":16}},"19":{"start":{"line":33,"column":4},"end":{"line":39,"column":74}},"20":{"start":{"line":40,"column":4},"end":{"line":42,"column":5}},"21":{"start":{"line":41,"column":6},"end":{"line":41,"column":28}},"22":{"start":{"line":46,"column":2},"end":{"line":51,"column":5}},"23":{"start":{"line":47,"column":4},"end":{"line":50,"column":7}},"24":{"start":{"line":48,"column":6},"end":{"line":48,"column":34}},"25":{"start":{"line":48,"column":15},"end":{"line":48,"column":34}},"26":{"start":{"line":49,"column":6},"end":{"line":49,"column":28}},"27":{"start":{"line":54,"column":31},"end":{"line":70,"column":1}},"28":{"start":{"line":55,"column":16},"end":{"line":62,"column":40}},"29":{"start":{"line":64,"column":2},"end":{"line":69,"column":5}},"30":{"start":{"line":65,"column":4},"end":{"line":68,"column":7}},"31":{"start":{"line":66,"column":6},"end":{"line":66,"column":34}},"32":{"start":{"line":66,"column":15},"end":{"line":66,"column":34}},"33":{"start":{"line":67,"column":6},"end":{"line":67,"column":28}},"34":{"start":{"line":72,"column":40},"end":{"line":87,"column":1}},"35":{"start":{"line":73,"column":16},"end":{"line":79,"column":54}},"36":{"start":{"line":81,"column":2},"end":{"line":86,"column":5}},"37":{"start":{"line":82,"column":4},"end":{"line":85,"column":7}},"38":{"start":{"line":83,"column":6},"end":{"line":83,"column":34}},"39":{"start":{"line":83,"column":15},"end":{"line":83,"column":34}},"40":{"start":{"line":84,"column":6},"end":{"line":84,"column":23}},"41":{"start":{"line":89,"column":39},"end":{"line":105,"column":1}},"42":{"start":{"line":90,"column":16},"end":{"line":97,"column":54}},"43":{"start":{"line":99,"column":2},"end":{"line":104,"column":5}},"44":{"start":{"line":100,"column":4},"end":{"line":103,"column":7}},"45":{"start":{"line":101,"column":6},"end":{"line":101,"column":34}},"46":{"start":{"line":101,"column":15},"end":{"line":101,"column":34}},"47":{"start":{"line":102,"column":6},"end":{"line":102,"column":28}},"48":{"start":{"line":107,"column":39},"end":{"line":124,"column":1}},"49":{"start":{"line":108,"column":16},"end":{"line":116,"column":46}},"50":{"start":{"line":118,"column":2},"end":{"line":123,"column":5}},"51":{"start":{"line":119,"column":4},"end":{"line":122,"column":7}},"52":{"start":{"line":120,"column":6},"end":{"line":120,"column":34}},"53":{"start":{"line":120,"column":15},"end":{"line":120,"column":34}},"54":{"start":{"line":121,"column":6},"end":{"line":121,"column":28}},"55":{"start":{"line":126,"column":29},"end":{"line":142,"column":1}},"56":{"start":{"line":127,"column":16},"end":{"line":133,"column":33}},"57":{"start":{"line":135,"column":2},"end":{"line":141,"column":5}},"58":{"start":{"line":136,"column":4},"end":{"line":140,"column":7}},"59":{"start":{"line":137,"column":6},"end":{"line":137,"column":23}},"60":{"start":{"line":138,"column":6},"end":{"line":138,"column":34}},"61":{"start":{"line":138,"column":15},"end":{"line":138,"column":34}},"62":{"start":{"line":139,"column":6},"end":{"line":139,"column":28}},"63":{"start":{"line":145,"column":38},"end":{"line":164,"column":1}},"64":{"start":{"line":146,"column":16},"end":{"line":154,"column":30}},"65":{"start":{"line":156,"column":2},"end":{"line":163,"column":5}},"66":{"start":{"line":157,"column":4},"end":{"line":162,"column":7}},"67":{"start":{"line":158,"column":6},"end":{"line":160,"column":7}},"68":{"start":{"line":159,"column":8},"end":{"line":159,"column":27}},"69":{"start":{"line":161,"column":6},"end":{"line":161,"column":28}},"70":{"start":{"line":165,"column":17},"end":{"line":179,"column":1}},"71":{"start":{"line":166,"column":16},"end":{"line":171,"column":35}},"72":{"start":{"line":173,"column":2},"end":{"line":178,"column":5}},"73":{"start":{"line":174,"column":4},"end":{"line":177,"column":7}},"74":{"start":{"line":175,"column":6},"end":{"line":175,"column":34}},"75":{"start":{"line":175,"column":15},"end":{"line":175,"column":34}},"76":{"start":{"line":176,"column":6},"end":{"line":176,"column":28}},"77":{"start":{"line":180,"column":20},"end":{"line":191,"column":1}},"78":{"start":{"line":181,"column":16},"end":{"line":183,"column":34}},"79":{"start":{"line":185,"column":2},"end":{"line":190,"column":5}},"80":{"start":{"line":186,"column":4},"end":{"line":189,"column":7}},"81":{"start":{"line":187,"column":6},"end":{"line":187,"column":34}},"82":{"start":{"line":187,"column":15},"end":{"line":187,"column":34}},"83":{"start":{"line":188,"column":6},"end":{"line":188,"column":22}},"84":{"start":{"line":193,"column":28},"end":{"line":203,"column":1}},"85":{"start":{"line":194,"column":16},"end":{"line":195,"column":33}},"86":{"start":{"line":197,"column":2},"end":{"line":202,"column":5}},"87":{"start":{"line":198,"column":4},"end":{"line":201,"column":7}},"88":{"start":{"line":199,"column":6},"end":{"line":199,"column":34}},"89":{"start":{"line":199,"column":15},"end":{"line":199,"column":34}},"90":{"start":{"line":200,"column":6},"end":{"line":200,"column":22}},"91":{"start":{"line":205,"column":27},"end":{"line":216,"column":1}},"92":{"start":{"line":206,"column":16},"end":{"line":207,"column":33}},"93":{"start":{"line":208,"column":2},"end":{"line":208,"column":21}},"94":{"start":{"line":209,"column":2},"end":{"line":215,"column":5}},"95":{"start":{"line":210,"column":4},"end":{"line":214,"column":7}},"96":{"start":{"line":211,"column":6},"end":{"line":211,"column":23}},"97":{"start":{"line":212,"column":6},"end":{"line":212,"column":34}},"98":{"start":{"line":212,"column":15},"end":{"line":212,"column":34}},"99":{"start":{"line":213,"column":6},"end":{"line":213,"column":22}},"100":{"start":{"line":218,"column":20},"end":{"line":227,"column":1}},"101":{"start":{"line":219,"column":16},"end":{"line":219,"column":58}},"102":{"start":{"line":221,"column":2},"end":{"line":226,"column":5}},"103":{"start":{"line":222,"column":4},"end":{"line":225,"column":7}},"104":{"start":{"line":223,"column":6},"end":{"line":223,"column":34}},"105":{"start":{"line":223,"column":15},"end":{"line":223,"column":34}},"106":{"start":{"line":224,"column":6},"end":{"line":224,"column":22}},"107":{"start":{"line":230,"column":25},"end":{"line":238,"column":1}},"108":{"start":{"line":231,"column":16},"end":{"line":231,"column":64}},"109":{"start":{"line":232,"column":2},"end":{"line":237,"column":5}},"110":{"start":{"line":233,"column":4},"end":{"line":236,"column":7}},"111":{"start":{"line":234,"column":6},"end":{"line":234,"column":34}},"112":{"start":{"line":234,"column":15},"end":{"line":234,"column":34}},"113":{"start":{"line":235,"column":6},"end":{"line":235,"column":28}},"114":{"start":{"line":240,"column":23},"end":{"line":248,"column":1}},"115":{"start":{"line":241,"column":16},"end":{"line":241,"column":74}},"116":{"start":{"line":242,"column":2},"end":{"line":247,"column":5}},"117":{"start":{"line":243,"column":4},"end":{"line":246,"column":7}},"118":{"start":{"line":244,"column":6},"end":{"line":244,"column":34}},"119":{"start":{"line":244,"column":15},"end":{"line":244,"column":34}},"120":{"start":{"line":245,"column":6},"end":{"line":245,"column":23}},"121":{"start":{"line":250,"column":23},"end":{"line":258,"column":1}},"122":{"start":{"line":251,"column":16},"end":{"line":251,"column":89}},"123":{"start":{"line":252,"column":2},"end":{"line":257,"column":5}},"124":{"start":{"line":253,"column":4},"end":{"line":256,"column":7}},"125":{"start":{"line":254,"column":6},"end":{"line":254,"column":34}},"126":{"start":{"line":254,"column":15},"end":{"line":254,"column":34}},"127":{"start":{"line":255,"column":6},"end":{"line":255,"column":23}},"128":{"start":{"line":260,"column":23},"end":{"line":268,"column":1}},"129":{"start":{"line":261,"column":16},"end":{"line":261,"column":65}},"130":{"start":{"line":262,"column":2},"end":{"line":267,"column":5}},"131":{"start":{"line":263,"column":4},"end":{"line":266,"column":7}},"132":{"start":{"line":264,"column":6},"end":{"line":264,"column":34}},"133":{"start":{"line":264,"column":15},"end":{"line":264,"column":34}},"134":{"start":{"line":265,"column":6},"end":{"line":265,"column":23}},"135":{"start":{"line":271,"column":26},"end":{"line":279,"column":1}},"136":{"start":{"line":272,"column":16},"end":{"line":272,"column":111}},"137":{"start":{"line":273,"column":2},"end":{"line":278,"column":5}},"138":{"start":{"line":274,"column":4},"end":{"line":277,"column":7}},"139":{"start":{"line":275,"column":6},"end":{"line":275,"column":34}},"140":{"start":{"line":275,"column":15},"end":{"line":275,"column":34}},"141":{"start":{"line":276,"column":6},"end":{"line":276,"column":22}},"142":{"start":{"line":280,"column":28},"end":{"line":288,"column":1}},"143":{"start":{"line":281,"column":16},"end":{"line":281,"column":45}},"144":{"start":{"line":282,"column":2},"end":{"line":287,"column":5}},"145":{"start":{"line":283,"column":4},"end":{"line":286,"column":7}},"146":{"start":{"line":284,"column":6},"end":{"line":284,"column":34}},"147":{"start":{"line":284,"column":15},"end":{"line":284,"column":34}},"148":{"start":{"line":285,"column":6},"end":{"line":285,"column":30}},"149":{"start":{"line":289,"column":40},"end":{"line":297,"column":1}},"150":{"start":{"line":290,"column":16},"end":{"line":290,"column":104}},"151":{"start":{"line":291,"column":2},"end":{"line":296,"column":5}},"152":{"start":{"line":292,"column":4},"end":{"line":295,"column":7}},"153":{"start":{"line":293,"column":6},"end":{"line":293,"column":34}},"154":{"start":{"line":293,"column":15},"end":{"line":293,"column":34}},"155":{"start":{"line":294,"column":6},"end":{"line":294,"column":28}},"156":{"start":{"line":299,"column":26},"end":{"line":307,"column":1}},"157":{"start":{"line":300,"column":16},"end":{"line":300,"column":162}},"158":{"start":{"line":301,"column":2},"end":{"line":306,"column":5}},"159":{"start":{"line":302,"column":4},"end":{"line":305,"column":7}},"160":{"start":{"line":303,"column":6},"end":{"line":303,"column":34}},"161":{"start":{"line":303,"column":15},"end":{"line":303,"column":34}},"162":{"start":{"line":304,"column":6},"end":{"line":304,"column":23}},"163":{"start":{"line":309,"column":26},"end":{"line":317,"column":1}},"164":{"start":{"line":310,"column":16},"end":{"line":310,"column":71}},"165":{"start":{"line":311,"column":2},"end":{"line":316,"column":5}},"166":{"start":{"line":312,"column":4},"end":{"line":315,"column":7}},"167":{"start":{"line":313,"column":6},"end":{"line":313,"column":34}},"168":{"start":{"line":313,"column":15},"end":{"line":313,"column":34}},"169":{"start":{"line":314,"column":6},"end":{"line":314,"column":23}},"170":{"start":{"line":319,"column":38},"end":{"line":331,"column":1}},"171":{"start":{"line":320,"column":16},"end":{"line":323,"column":65}},"172":{"start":{"line":325,"column":2},"end":{"line":330,"column":5}},"173":{"start":{"line":326,"column":4},"end":{"line":329,"column":7}},"174":{"start":{"line":327,"column":6},"end":{"line":327,"column":34}},"175":{"start":{"line":327,"column":15},"end":{"line":327,"column":34}},"176":{"start":{"line":328,"column":6},"end":{"line":328,"column":28}},"177":{"start":{"line":333,"column":22},"end":{"line":342,"column":1}},"178":{"start":{"line":334,"column":16},"end":{"line":334,"column":162}},"179":{"start":{"line":336,"column":2},"end":{"line":341,"column":5}},"180":{"start":{"line":337,"column":4},"end":{"line":340,"column":7}},"181":{"start":{"line":338,"column":6},"end":{"line":338,"column":34}},"182":{"start":{"line":338,"column":15},"end":{"line":338,"column":34}},"183":{"start":{"line":339,"column":6},"end":{"line":339,"column":23}},"184":{"start":{"line":343,"column":22},"end":{"line":355,"column":1}},"185":{"start":{"line":344,"column":16},"end":{"line":347,"column":52}},"186":{"start":{"line":349,"column":2},"end":{"line":354,"column":5}},"187":{"start":{"line":350,"column":4},"end":{"line":353,"column":7}},"188":{"start":{"line":351,"column":6},"end":{"line":351,"column":34}},"189":{"start":{"line":351,"column":15},"end":{"line":351,"column":34}},"190":{"start":{"line":352,"column":6},"end":{"line":352,"column":28}},"191":{"start":{"line":357,"column":34},"end":{"line":366,"column":1}},"192":{"start":{"line":358,"column":16},"end":{"line":358,"column":74}},"193":{"start":{"line":360,"column":2},"end":{"line":365,"column":5}},"194":{"start":{"line":361,"column":4},"end":{"line":364,"column":7}},"195":{"start":{"line":362,"column":6},"end":{"line":362,"column":34}},"196":{"start":{"line":362,"column":15},"end":{"line":362,"column":34}},"197":{"start":{"line":363,"column":6},"end":{"line":363,"column":35}},"198":{"start":{"line":368,"column":22},"end":{"line":378,"column":1}},"199":{"start":{"line":369,"column":16},"end":{"line":370,"column":91}},"200":{"start":{"line":372,"column":2},"end":{"line":377,"column":5}},"201":{"start":{"line":373,"column":4},"end":{"line":376,"column":7}},"202":{"start":{"line":374,"column":6},"end":{"line":374,"column":34}},"203":{"start":{"line":374,"column":15},"end":{"line":374,"column":34}},"204":{"start":{"line":375,"column":6},"end":{"line":375,"column":23}},"205":{"start":{"line":380,"column":22},"end":{"line":388,"column":1}},"206":{"start":{"line":381,"column":16},"end":{"line":381,"column":62}},"207":{"start":{"line":382,"column":2},"end":{"line":387,"column":5}},"208":{"start":{"line":383,"column":4},"end":{"line":386,"column":7}},"209":{"start":{"line":384,"column":6},"end":{"line":384,"column":34}},"210":{"start":{"line":384,"column":15},"end":{"line":384,"column":34}},"211":{"start":{"line":385,"column":6},"end":{"line":385,"column":22}},"212":{"start":{"line":391,"column":31},"end":{"line":405,"column":1}},"213":{"start":{"line":392,"column":16},"end":{"line":397,"column":40}},"214":{"start":{"line":399,"column":2},"end":{"line":404,"column":5}},"215":{"start":{"line":400,"column":4},"end":{"line":403,"column":7}},"216":{"start":{"line":401,"column":6},"end":{"line":401,"column":34}},"217":{"start":{"line":401,"column":15},"end":{"line":401,"column":34}},"218":{"start":{"line":402,"column":6},"end":{"line":402,"column":28}},"219":{"start":{"line":407,"column":0},"end":{"line":439,"column":2}}},"fnMap":{"0":{"name":"(anonymous_0)","decl":{"start":{"line":4,"column":20},"end":{"line":4,"column":21}},"loc":{"start":{"line":4,"column":31},"end":{"line":14,"column":1}},"line":4},"1":{"name":"(anonymous_1)","decl":{"start":{"line":8,"column":21},"end":{"line":8,"column":22}},"loc":{"start":{"line":8,"column":42},"end":{"line":13,"column":3}},"line":8},"2":{"name":"(anonymous_2)","decl":{"start":{"line":9,"column":28},"end":{"line":9,"column":29}},"loc":{"start":{"line":9,"column":42},"end":{"line":12,"column":5}},"line":9},"3":{"name":"(anonymous_3)","decl":{"start":{"line":15,"column":21},"end":{"line":15,"column":22}},"loc":{"start":{"line":15,"column":27},"end":{"line":27,"column":1}},"line":15},"4":{"name":"(anonymous_4)","decl":{"start":{"line":21,"column":21},"end":{"line":21,"column":22}},"loc":{"start":{"line":21,"column":42},"end":{"line":26,"column":3}},"line":21},"5":{"name":"(anonymous_5)","decl":{"start":{"line":22,"column":28},"end":{"line":22,"column":29}},"loc":{"start":{"line":22,"column":46},"end":{"line":25,"column":5}},"line":22},"6":{"name":"(anonymous_6)","decl":{"start":{"line":29,"column":28},"end":{"line":29,"column":29}},"loc":{"start":{"line":29,"column":34},"end":{"line":52,"column":1}},"line":29},"7":{"name":"(anonymous_7)","decl":{"start":{"line":46,"column":21},"end":{"line":46,"column":22}},"loc":{"start":{"line":46,"column":42},"end":{"line":51,"column":3}},"line":46},"8":{"name":"(anonymous_8)","decl":{"start":{"line":47,"column":28},"end":{"line":47,"column":29}},"loc":{"start":{"line":47,"column":46},"end":{"line":50,"column":5}},"line":47},"9":{"name":"(anonymous_9)","decl":{"start":{"line":54,"column":31},"end":{"line":54,"column":32}},"loc":{"start":{"line":54,"column":37},"end":{"line":70,"column":1}},"line":54},"10":{"name":"(anonymous_10)","decl":{"start":{"line":64,"column":21},"end":{"line":64,"column":22}},"loc":{"start":{"line":64,"column":42},"end":{"line":69,"column":3}},"line":64},"11":{"name":"(anonymous_11)","decl":{"start":{"line":65,"column":28},"end":{"line":65,"column":29}},"loc":{"start":{"line":65,"column":46},"end":{"line":68,"column":5}},"line":65},"12":{"name":"(anonymous_12)","decl":{"start":{"line":72,"column":40},"end":{"line":72,"column":41}},"loc":{"start":{"line":72,"column":56},"end":{"line":87,"column":1}},"line":72},"13":{"name":"(anonymous_13)","decl":{"start":{"line":81,"column":21},"end":{"line":81,"column":22}},"loc":{"start":{"line":81,"column":42},"end":{"line":86,"column":3}},"line":81},"14":{"name":"(anonymous_14)","decl":{"start":{"line":82,"column":28},"end":{"line":82,"column":29}},"loc":{"start":{"line":82,"column":46},"end":{"line":85,"column":5}},"line":82},"15":{"name":"(anonymous_15)","decl":{"start":{"line":89,"column":39},"end":{"line":89,"column":40}},"loc":{"start":{"line":89,"column":55},"end":{"line":105,"column":1}},"line":89},"16":{"name":"(anonymous_16)","decl":{"start":{"line":99,"column":21},"end":{"line":99,"column":22}},"loc":{"start":{"line":99,"column":42},"end":{"line":104,"column":3}},"line":99},"17":{"name":"(anonymous_17)","decl":{"start":{"line":100,"column":28},"end":{"line":100,"column":29}},"loc":{"start":{"line":100,"column":46},"end":{"line":103,"column":5}},"line":100},"18":{"name":"(anonymous_18)","decl":{"start":{"line":107,"column":39},"end":{"line":107,"column":40}},"loc":{"start":{"line":107,"column":55},"end":{"line":124,"column":1}},"line":107},"19":{"name":"(anonymous_19)","decl":{"start":{"line":118,"column":21},"end":{"line":118,"column":22}},"loc":{"start":{"line":118,"column":42},"end":{"line":123,"column":3}},"line":118},"20":{"name":"(anonymous_20)","decl":{"start":{"line":119,"column":28},"end":{"line":119,"column":29}},"loc":{"start":{"line":119,"column":46},"end":{"line":122,"column":5}},"line":119},"21":{"name":"(anonymous_21)","decl":{"start":{"line":126,"column":29},"end":{"line":126,"column":30}},"loc":{"start":{"line":126,"column":35},"end":{"line":142,"column":1}},"line":126},"22":{"name":"(anonymous_22)","decl":{"start":{"line":135,"column":21},"end":{"line":135,"column":22}},"loc":{"start":{"line":135,"column":42},"end":{"line":141,"column":3}},"line":135},"23":{"name":"(anonymous_23)","decl":{"start":{"line":136,"column":28},"end":{"line":136,"column":29}},"loc":{"start":{"line":136,"column":46},"end":{"line":140,"column":5}},"line":136},"24":{"name":"(anonymous_24)","decl":{"start":{"line":145,"column":38},"end":{"line":145,"column":39}},"loc":{"start":{"line":145,"column":53},"end":{"line":164,"column":1}},"line":145},"25":{"name":"(anonymous_25)","decl":{"start":{"line":156,"column":21},"end":{"line":156,"column":22}},"loc":{"start":{"line":156,"column":42},"end":{"line":163,"column":3}},"line":156},"26":{"name":"(anonymous_26)","decl":{"start":{"line":157,"column":28},"end":{"line":157,"column":29}},"loc":{"start":{"line":157,"column":46},"end":{"line":162,"column":5}},"line":157},"27":{"name":"(anonymous_27)","decl":{"start":{"line":165,"column":17},"end":{"line":165,"column":18}},"loc":{"start":{"line":165,"column":30},"end":{"line":179,"column":1}},"line":165},"28":{"name":"(anonymous_28)","decl":{"start":{"line":173,"column":21},"end":{"line":173,"column":22}},"loc":{"start":{"line":173,"column":42},"end":{"line":178,"column":3}},"line":173},"29":{"name":"(anonymous_29)","decl":{"start":{"line":174,"column":28},"end":{"line":174,"column":29}},"loc":{"start":{"line":174,"column":46},"end":{"line":177,"column":5}},"line":174},"30":{"name":"(anonymous_30)","decl":{"start":{"line":180,"column":20},"end":{"line":180,"column":21}},"loc":{"start":{"line":180,"column":31},"end":{"line":191,"column":1}},"line":180},"31":{"name":"(anonymous_31)","decl":{"start":{"line":185,"column":21},"end":{"line":185,"column":22}},"loc":{"start":{"line":185,"column":42},"end":{"line":190,"column":3}},"line":185},"32":{"name":"(anonymous_32)","decl":{"start":{"line":186,"column":28},"end":{"line":186,"column":29}},"loc":{"start":{"line":186,"column":45},"end":{"line":189,"column":5}},"line":186},"33":{"name":"(anonymous_33)","decl":{"start":{"line":193,"column":28},"end":{"line":193,"column":29}},"loc":{"start":{"line":193,"column":39},"end":{"line":203,"column":1}},"line":193},"34":{"name":"(anonymous_34)","decl":{"start":{"line":197,"column":21},"end":{"line":197,"column":22}},"loc":{"start":{"line":197,"column":42},"end":{"line":202,"column":3}},"line":197},"35":{"name":"(anonymous_35)","decl":{"start":{"line":198,"column":28},"end":{"line":198,"column":29}},"loc":{"start":{"line":198,"column":45},"end":{"line":201,"column":5}},"line":198},"36":{"name":"(anonymous_36)","decl":{"start":{"line":205,"column":27},"end":{"line":205,"column":28}},"loc":{"start":{"line":205,"column":38},"end":{"line":216,"column":1}},"line":205},"37":{"name":"(anonymous_37)","decl":{"start":{"line":209,"column":21},"end":{"line":209,"column":22}},"loc":{"start":{"line":209,"column":42},"end":{"line":215,"column":3}},"line":209},"38":{"name":"(anonymous_38)","decl":{"start":{"line":210,"column":28},"end":{"line":210,"column":29}},"loc":{"start":{"line":210,"column":45},"end":{"line":214,"column":5}},"line":210},"39":{"name":"(anonymous_39)","decl":{"start":{"line":218,"column":20},"end":{"line":218,"column":21}},"loc":{"start":{"line":218,"column":33},"end":{"line":227,"column":1}},"line":218},"40":{"name":"(anonymous_40)","decl":{"start":{"line":221,"column":21},"end":{"line":221,"column":22}},"loc":{"start":{"line":221,"column":42},"end":{"line":226,"column":3}},"line":221},"41":{"name":"(anonymous_41)","decl":{"start":{"line":222,"column":28},"end":{"line":222,"column":29}},"loc":{"start":{"line":222,"column":45},"end":{"line":225,"column":5}},"line":222},"42":{"name":"(anonymous_42)","decl":{"start":{"line":230,"column":25},"end":{"line":230,"column":26}},"loc":{"start":{"line":230,"column":31},"end":{"line":238,"column":1}},"line":230},"43":{"name":"(anonymous_43)","decl":{"start":{"line":232,"column":21},"end":{"line":232,"column":22}},"loc":{"start":{"line":232,"column":42},"end":{"line":237,"column":3}},"line":232},"44":{"name":"(anonymous_44)","decl":{"start":{"line":233,"column":28},"end":{"line":233,"column":29}},"loc":{"start":{"line":233,"column":46},"end":{"line":236,"column":5}},"line":233},"45":{"name":"(anonymous_45)","decl":{"start":{"line":240,"column":23},"end":{"line":240,"column":24}},"loc":{"start":{"line":240,"column":37},"end":{"line":248,"column":1}},"line":240},"46":{"name":"(anonymous_46)","decl":{"start":{"line":242,"column":21},"end":{"line":242,"column":22}},"loc":{"start":{"line":242,"column":42},"end":{"line":247,"column":3}},"line":242},"47":{"name":"(anonymous_47)","decl":{"start":{"line":243,"column":28},"end":{"line":243,"column":29}},"loc":{"start":{"line":243,"column":46},"end":{"line":246,"column":5}},"line":243},"48":{"name":"(anonymous_48)","decl":{"start":{"line":250,"column":23},"end":{"line":250,"column":24}},"loc":{"start":{"line":250,"column":49},"end":{"line":258,"column":1}},"line":250},"49":{"name":"(anonymous_49)","decl":{"start":{"line":252,"column":21},"end":{"line":252,"column":22}},"loc":{"start":{"line":252,"column":42},"end":{"line":257,"column":3}},"line":252},"50":{"name":"(anonymous_50)","decl":{"start":{"line":253,"column":28},"end":{"line":253,"column":29}},"loc":{"start":{"line":253,"column":46},"end":{"line":256,"column":5}},"line":253},"51":{"name":"(anonymous_51)","decl":{"start":{"line":260,"column":23},"end":{"line":260,"column":24}},"loc":{"start":{"line":260,"column":39},"end":{"line":268,"column":1}},"line":260},"52":{"name":"(anonymous_52)","decl":{"start":{"line":262,"column":21},"end":{"line":262,"column":22}},"loc":{"start":{"line":262,"column":42},"end":{"line":267,"column":3}},"line":262},"53":{"name":"(anonymous_53)","decl":{"start":{"line":263,"column":28},"end":{"line":263,"column":29}},"loc":{"start":{"line":263,"column":46},"end":{"line":266,"column":5}},"line":263},"54":{"name":"(anonymous_54)","decl":{"start":{"line":271,"column":26},"end":{"line":271,"column":27}},"loc":{"start":{"line":271,"column":55},"end":{"line":279,"column":1}},"line":271},"55":{"name":"(anonymous_55)","decl":{"start":{"line":273,"column":21},"end":{"line":273,"column":22}},"loc":{"start":{"line":273,"column":42},"end":{"line":278,"column":3}},"line":273},"56":{"name":"(anonymous_56)","decl":{"start":{"line":274,"column":28},"end":{"line":274,"column":29}},"loc":{"start":{"line":274,"column":45},"end":{"line":277,"column":5}},"line":274},"57":{"name":"(anonymous_57)","decl":{"start":{"line":280,"column":28},"end":{"line":280,"column":29}},"loc":{"start":{"line":280,"column":34},"end":{"line":288,"column":1}},"line":280},"58":{"name":"(anonymous_58)","decl":{"start":{"line":282,"column":21},"end":{"line":282,"column":22}},"loc":{"start":{"line":282,"column":42},"end":{"line":287,"column":3}},"line":282},"59":{"name":"(anonymous_59)","decl":{"start":{"line":283,"column":28},"end":{"line":283,"column":29}},"loc":{"start":{"line":283,"column":46},"end":{"line":286,"column":5}},"line":283},"60":{"name":"(anonymous_60)","decl":{"start":{"line":289,"column":40},"end":{"line":289,"column":41}},"loc":{"start":{"line":289,"column":56},"end":{"line":297,"column":1}},"line":289},"61":{"name":"(anonymous_61)","decl":{"start":{"line":291,"column":21},"end":{"line":291,"column":22}},"loc":{"start":{"line":291,"column":42},"end":{"line":296,"column":3}},"line":291},"62":{"name":"(anonymous_62)","decl":{"start":{"line":292,"column":28},"end":{"line":292,"column":29}},"loc":{"start":{"line":292,"column":46},"end":{"line":295,"column":5}},"line":292},"63":{"name":"(anonymous_63)","decl":{"start":{"line":299,"column":26},"end":{"line":299,"column":27}},"loc":{"start":{"line":299,"column":43},"end":{"line":307,"column":1}},"line":299},"64":{"name":"(anonymous_64)","decl":{"start":{"line":301,"column":21},"end":{"line":301,"column":22}},"loc":{"start":{"line":301,"column":42},"end":{"line":306,"column":3}},"line":301},"65":{"name":"(anonymous_65)","decl":{"start":{"line":302,"column":28},"end":{"line":302,"column":29}},"loc":{"start":{"line":302,"column":46},"end":{"line":305,"column":5}},"line":302},"66":{"name":"(anonymous_66)","decl":{"start":{"line":309,"column":26},"end":{"line":309,"column":27}},"loc":{"start":{"line":309,"column":45},"end":{"line":317,"column":1}},"line":309},"67":{"name":"(anonymous_67)","decl":{"start":{"line":311,"column":21},"end":{"line":311,"column":22}},"loc":{"start":{"line":311,"column":42},"end":{"line":316,"column":3}},"line":311},"68":{"name":"(anonymous_68)","decl":{"start":{"line":312,"column":28},"end":{"line":312,"column":29}},"loc":{"start":{"line":312,"column":46},"end":{"line":315,"column":5}},"line":312},"69":{"name":"(anonymous_69)","decl":{"start":{"line":319,"column":38},"end":{"line":319,"column":39}},"loc":{"start":{"line":319,"column":44},"end":{"line":331,"column":1}},"line":319},"70":{"name":"(anonymous_70)","decl":{"start":{"line":325,"column":21},"end":{"line":325,"column":22}},"loc":{"start":{"line":325,"column":42},"end":{"line":330,"column":3}},"line":325},"71":{"name":"(anonymous_71)","decl":{"start":{"line":326,"column":28},"end":{"line":326,"column":29}},"loc":{"start":{"line":326,"column":46},"end":{"line":329,"column":5}},"line":326},"72":{"name":"(anonymous_72)","decl":{"start":{"line":333,"column":22},"end":{"line":333,"column":23}},"loc":{"start":{"line":333,"column":35},"end":{"line":342,"column":1}},"line":333},"73":{"name":"(anonymous_73)","decl":{"start":{"line":336,"column":21},"end":{"line":336,"column":22}},"loc":{"start":{"line":336,"column":42},"end":{"line":341,"column":3}},"line":336},"74":{"name":"(anonymous_74)","decl":{"start":{"line":337,"column":28},"end":{"line":337,"column":29}},"loc":{"start":{"line":337,"column":46},"end":{"line":340,"column":5}},"line":337},"75":{"name":"(anonymous_75)","decl":{"start":{"line":343,"column":22},"end":{"line":343,"column":23}},"loc":{"start":{"line":343,"column":28},"end":{"line":355,"column":1}},"line":343},"76":{"name":"(anonymous_76)","decl":{"start":{"line":349,"column":21},"end":{"line":349,"column":22}},"loc":{"start":{"line":349,"column":42},"end":{"line":354,"column":3}},"line":349},"77":{"name":"(anonymous_77)","decl":{"start":{"line":350,"column":28},"end":{"line":350,"column":29}},"loc":{"start":{"line":350,"column":46},"end":{"line":353,"column":5}},"line":350},"78":{"name":"(anonymous_78)","decl":{"start":{"line":357,"column":34},"end":{"line":357,"column":35}},"loc":{"start":{"line":357,"column":50},"end":{"line":366,"column":1}},"line":357},"79":{"name":"(anonymous_79)","decl":{"start":{"line":360,"column":21},"end":{"line":360,"column":22}},"loc":{"start":{"line":360,"column":42},"end":{"line":365,"column":3}},"line":360},"80":{"name":"(anonymous_80)","decl":{"start":{"line":361,"column":28},"end":{"line":361,"column":29}},"loc":{"start":{"line":361,"column":46},"end":{"line":364,"column":5}},"line":361},"81":{"name":"(anonymous_81)","decl":{"start":{"line":368,"column":22},"end":{"line":368,"column":23}},"loc":{"start":{"line":368,"column":35},"end":{"line":378,"column":1}},"line":368},"82":{"name":"(anonymous_82)","decl":{"start":{"line":372,"column":21},"end":{"line":372,"column":22}},"loc":{"start":{"line":372,"column":42},"end":{"line":377,"column":3}},"line":372},"83":{"name":"(anonymous_83)","decl":{"start":{"line":373,"column":28},"end":{"line":373,"column":29}},"loc":{"start":{"line":373,"column":46},"end":{"line":376,"column":5}},"line":373},"84":{"name":"(anonymous_84)","decl":{"start":{"line":380,"column":22},"end":{"line":380,"column":23}},"loc":{"start":{"line":380,"column":37},"end":{"line":388,"column":1}},"line":380},"85":{"name":"(anonymous_85)","decl":{"start":{"line":382,"column":21},"end":{"line":382,"column":22}},"loc":{"start":{"line":382,"column":42},"end":{"line":387,"column":3}},"line":382},"86":{"name":"(anonymous_86)","decl":{"start":{"line":383,"column":28},"end":{"line":383,"column":29}},"loc":{"start":{"line":383,"column":45},"end":{"line":386,"column":5}},"line":383},"87":{"name":"(anonymous_87)","decl":{"start":{"line":391,"column":31},"end":{"line":391,"column":32}},"loc":{"start":{"line":391,"column":37},"end":{"line":405,"column":1}},"line":391},"88":{"name":"(anonymous_88)","decl":{"start":{"line":399,"column":21},"end":{"line":399,"column":22}},"loc":{"start":{"line":399,"column":42},"end":{"line":404,"column":3}},"line":399},"89":{"name":"(anonymous_89)","decl":{"start":{"line":400,"column":28},"end":{"line":400,"column":29}},"loc":{"start":{"line":400,"column":46},"end":{"line":403,"column":5}},"line":400}},"branchMap":{"0":{"loc":{"start":{"line":10,"column":6},"end":{"line":10,"column":34}},"type":"if","locations":[{"start":{"line":10,"column":6},"end":{"line":10,"column":34}},{"start":{"line":10,"column":6},"end":{"line":10,"column":34}}],"line":10},"1":{"loc":{"start":{"line":23,"column":6},"end":{"line":23,"column":34}},"type":"if","locations":[{"start":{"line":23,"column":6},"end":{"line":23,"column":34}},{"start":{"line":23,"column":6},"end":{"line":23,"column":34}}],"line":23},"2":{"loc":{"start":{"line":40,"column":4},"end":{"line":42,"column":5}},"type":"if","locations":[{"start":{"line":40,"column":4},"end":{"line":42,"column":5}},{"start":{"line":40,"column":4},"end":{"line":42,"column":5}}],"line":40},"3":{"loc":{"start":{"line":48,"column":6},"end":{"line":48,"column":34}},"type":"if","locations":[{"start":{"line":48,"column":6},"end":{"line":48,"column":34}},{"start":{"line":48,"column":6},"end":{"line":48,"column":34}}],"line":48},"4":{"loc":{"start":{"line":66,"column":6},"end":{"line":66,"column":34}},"type":"if","locations":[{"start":{"line":66,"column":6},"end":{"line":66,"column":34}},{"start":{"line":66,"column":6},"end":{"line":66,"column":34}}],"line":66},"5":{"loc":{"start":{"line":83,"column":6},"end":{"line":83,"column":34}},"type":"if","locations":[{"start":{"line":83,"column":6},"end":{"line":83,"column":34}},{"start":{"line":83,"column":6},"end":{"line":83,"column":34}}],"line":83},"6":{"loc":{"start":{"line":101,"column":6},"end":{"line":101,"column":34}},"type":"if","locations":[{"start":{"line":101,"column":6},"end":{"line":101,"column":34}},{"start":{"line":101,"column":6},"end":{"line":101,"column":34}}],"line":101},"7":{"loc":{"start":{"line":120,"column":6},"end":{"line":120,"column":34}},"type":"if","locations":[{"start":{"line":120,"column":6},"end":{"line":120,"column":34}},{"start":{"line":120,"column":6},"end":{"line":120,"column":34}}],"line":120},"8":{"loc":{"start":{"line":138,"column":6},"end":{"line":138,"column":34}},"type":"if","locations":[{"start":{"line":138,"column":6},"end":{"line":138,"column":34}},{"start":{"line":138,"column":6},"end":{"line":138,"column":34}}],"line":138},"9":{"loc":{"start":{"line":158,"column":6},"end":{"line":160,"column":7}},"type":"if","locations":[{"start":{"line":158,"column":6},"end":{"line":160,"column":7}},{"start":{"line":158,"column":6},"end":{"line":160,"column":7}}],"line":158},"10":{"loc":{"start":{"line":175,"column":6},"end":{"line":175,"column":34}},"type":"if","locations":[{"start":{"line":175,"column":6},"end":{"line":175,"column":34}},{"start":{"line":175,"column":6},"end":{"line":175,"column":34}}],"line":175},"11":{"loc":{"start":{"line":187,"column":6},"end":{"line":187,"column":34}},"type":"if","locations":[{"start":{"line":187,"column":6},"end":{"line":187,"column":34}},{"start":{"line":187,"column":6},"end":{"line":187,"column":34}}],"line":187},"12":{"loc":{"start":{"line":199,"column":6},"end":{"line":199,"column":34}},"type":"if","locations":[{"start":{"line":199,"column":6},"end":{"line":199,"column":34}},{"start":{"line":199,"column":6},"end":{"line":199,"column":34}}],"line":199},"13":{"loc":{"start":{"line":212,"column":6},"end":{"line":212,"column":34}},"type":"if","locations":[{"start":{"line":212,"column":6},"end":{"line":212,"column":34}},{"start":{"line":212,"column":6},"end":{"line":212,"column":34}}],"line":212},"14":{"loc":{"start":{"line":223,"column":6},"end":{"line":223,"column":34}},"type":"if","locations":[{"start":{"line":223,"column":6},"end":{"line":223,"column":34}},{"start":{"line":223,"column":6},"end":{"line":223,"column":34}}],"line":223},"15":{"loc":{"start":{"line":234,"column":6},"end":{"line":234,"column":34}},"type":"if","locations":[{"start":{"line":234,"column":6},"end":{"line":234,"column":34}},{"start":{"line":234,"column":6},"end":{"line":234,"column":34}}],"line":234},"16":{"loc":{"start":{"line":244,"column":6},"end":{"line":244,"column":34}},"type":"if","locations":[{"start":{"line":244,"column":6},"end":{"line":244,"column":34}},{"start":{"line":244,"column":6},"end":{"line":244,"column":34}}],"line":244},"17":{"loc":{"start":{"line":254,"column":6},"end":{"line":254,"column":34}},"type":"if","locations":[{"start":{"line":254,"column":6},"end":{"line":254,"column":34}},{"start":{"line":254,"column":6},"end":{"line":254,"column":34}}],"line":254},"18":{"loc":{"start":{"line":264,"column":6},"end":{"line":264,"column":34}},"type":"if","locations":[{"start":{"line":264,"column":6},"end":{"line":264,"column":34}},{"start":{"line":264,"column":6},"end":{"line":264,"column":34}}],"line":264},"19":{"loc":{"start":{"line":275,"column":6},"end":{"line":275,"column":34}},"type":"if","locations":[{"start":{"line":275,"column":6},"end":{"line":275,"column":34}},{"start":{"line":275,"column":6},"end":{"line":275,"column":34}}],"line":275},"20":{"loc":{"start":{"line":284,"column":6},"end":{"line":284,"column":34}},"type":"if","locations":[{"start":{"line":284,"column":6},"end":{"line":284,"column":34}},{"start":{"line":284,"column":6},"end":{"line":284,"column":34}}],"line":284},"21":{"loc":{"start":{"line":293,"column":6},"end":{"line":293,"column":34}},"type":"if","locations":[{"start":{"line":293,"column":6},"end":{"line":293,"column":34}},{"start":{"line":293,"column":6},"end":{"line":293,"column":34}}],"line":293},"22":{"loc":{"start":{"line":303,"column":6},"end":{"line":303,"column":34}},"type":"if","locations":[{"start":{"line":303,"column":6},"end":{"line":303,"column":34}},{"start":{"line":303,"column":6},"end":{"line":303,"column":34}}],"line":303},"23":{"loc":{"start":{"line":313,"column":6},"end":{"line":313,"column":34}},"type":"if","locations":[{"start":{"line":313,"column":6},"end":{"line":313,"column":34}},{"start":{"line":313,"column":6},"end":{"line":313,"column":34}}],"line":313},"24":{"loc":{"start":{"line":327,"column":6},"end":{"line":327,"column":34}},"type":"if","locations":[{"start":{"line":327,"column":6},"end":{"line":327,"column":34}},{"start":{"line":327,"column":6},"end":{"line":327,"column":34}}],"line":327},"25":{"loc":{"start":{"line":338,"column":6},"end":{"line":338,"column":34}},"type":"if","locations":[{"start":{"line":338,"column":6},"end":{"line":338,"column":34}},{"start":{"line":338,"column":6},"end":{"line":338,"column":34}}],"line":338},"26":{"loc":{"start":{"line":351,"column":6},"end":{"line":351,"column":34}},"type":"if","locations":[{"start":{"line":351,"column":6},"end":{"line":351,"column":34}},{"start":{"line":351,"column":6},"end":{"line":351,"column":34}}],"line":351},"27":{"loc":{"start":{"line":362,"column":6},"end":{"line":362,"column":34}},"type":"if","locations":[{"start":{"line":362,"column":6},"end":{"line":362,"column":34}},{"start":{"line":362,"column":6},"end":{"line":362,"column":34}}],"line":362},"28":{"loc":{"start":{"line":374,"column":6},"end":{"line":374,"column":34}},"type":"if","locations":[{"start":{"line":374,"column":6},"end":{"line":374,"column":34}},{"start":{"line":374,"column":6},"end":{"line":374,"column":34}}],"line":374},"29":{"loc":{"start":{"line":384,"column":6},"end":{"line":384,"column":34}},"type":"if","locations":[{"start":{"line":384,"column":6},"end":{"line":384,"column":34}},{"start":{"line":384,"column":6},"end":{"line":384,"column":34}}],"line":384},"30":{"loc":{"start":{"line":401,"column":6},"end":{"line":401,"column":34}},"type":"if","locations":[{"start":{"line":401,"column":6},"end":{"line":401,"column":34}},{"start":{"line":401,"column":6},"end":{"line":401,"column":34}}],"line":401}},"s":{"0":5,"1":5,"2":0,"3":0,"4":0,"5":0,"6":0,"7":0,"8":5,"9":1,"10":1,"11":1,"12":1,"13":0,"14":1,"15":5,"16":1,"17":1,"18":1,"19":5,"20":5,"21":4,"22":1,"23":1,"24":1,"25":0,"26":1,"27":5,"28":0,"29":0,"30":0,"31":0,"32":0,"33":0,"34":5,"35":3,"36":3,"37":3,"38":3,"39":2,"40":1,"41":5,"42":3,"43":3,"44":3,"45":3,"46":1,"47":2,"48":5,"49":3,"50":3,"51":3,"52":3,"53":0,"54":3,"55":5,"56":0,"57":0,"58":0,"59":0,"60":0,"61":0,"62":0,"63":5,"64":0,"65":0,"66":0,"67":0,"68":0,"69":0,"70":5,"71":2,"72":2,"73":2,"74":2,"75":1,"76":1,"77":5,"78":0,"79":0,"80":0,"81":0,"82":0,"83":0,"84":5,"85":0,"86":0,"87":0,"88":0,"89":0,"90":0,"91":5,"92":0,"93":0,"94":0,"95":0,"96":0,"97":0,"98":0,"99":0,"100":5,"101":0,"102":0,"103":0,"104":0,"105":0,"106":0,"107":5,"108":0,"109":0,"110":0,"111":0,"112":0,"113":0,"114":5,"115":0,"116":0,"117":0,"118":0,"119":0,"120":0,"121":5,"122":0,"123":0,"124":0,"125":0,"126":0,"127":0,"128":5,"129":0,"130":0,"131":0,"132":0,"133":0,"134":0,"135":5,"136":0,"137":0,"138":0,"139":0,"140":0,"141":0,"142":5,"143":0,"144":0,"145":0,"146":0,"147":0,"148":0,"149":5,"150":0,"151":0,"152":0,"153":0,"154":0,"155":0,"156":5,"157":0,"158":0,"159":0,"160":0,"161":0,"162":0,"163":5,"164":0,"165":0,"166":0,"167":0,"168":0,"169":0,"170":5,"171":0,"172":0,"173":0,"174":0,"175":0,"176":0,"177":5,"178":0,"179":0,"180":0,"181":0,"182":0,"183":0,"184":5,"185":1,"186":1,"187":1,"188":1,"189":0,"190":1,"191":5,"192":3,"193":3,"194":3,"195":3,"196":1,"197":2,"198":5,"199":0,"200":0,"201":0,"202":0,"203":0,"204":0,"205":5,"206":0,"207":0,"208":0,"209":0,"210":0,"211":0,"212":5,"213":0,"214":0,"215":0,"216":0,"217":0,"218":0,"219":5},"f":{"0":0,"1":0,"2":0,"3":1,"4":1,"5":1,"6":1,"7":1,"8":1,"9":0,"10":0,"11":0,"12":3,"13":3,"14":3,"15":3,"16":3,"17":3,"18":3,"19":3,"20":3,"21":0,"22":0,"23":0,"24":0,"25":0,"26":0,"27":2,"28":2,"29":2,"30":0,"31":0,"32":0,"33":0,"34":0,"35":0,"36":0,"37":0,"38":0,"39":0,"40":0,"41":0,"42":0,"43":0,"44":0,"45":0,"46":0,"47":0,"48":0,"49":0,"50":0,"51":0,"52":0,"53":0,"54":0,"55":0,"56":0,"57":0,"58":0,"59":0,"60":0,"61":0,"62":0,"63":0,"64":0,"65":0,"66":0,"67":0,"68":0,"69":0,"70":0,"71":0,"72":0,"73":0,"74":0,"75":1,"76":1,"77":1,"78":3,"79":3,"80":3,"81":0,"82":0,"83":0,"84":0,"85":0,"86":0,"87":0,"88":0,"89":0},"b":{"0":[0,0],"1":[0,1],"2":[4,1],"3":[0,1],"4":[0,0],"5":[2,1],"6":[1,2],"7":[0,3],"8":[0,0],"9":[0,0],"10":[1,1],"11":[0,0],"12":[0,0],"13":[0,0],"14":[0,0],"15":[0,0],"16":[0,0],"17":[0,0],"18":[0,0],"19":[0,0],"20":[0,0],"21":[0,0],"22":[0,0],"23":[0,0],"24":[0,0],"25":[0,0],"26":[0,1],"27":[1,2],"28":[0,0],"29":[0,0],"30":[0,0]},"_coverageSchema":"43e27e138ebf9cfc5966b082cf9a028302ed4184","hash":"d1dddbb2da672789c8fb24eb805552ac6dcb3477"}
,"/Users/marbocheng/Desktop/maintenance-app/db-postgres/dbconfig.js": {"path":"/Users/marbocheng/Desktop/maintenance-app/db-postgres/dbconfig.js","statementMap":{"0":{"start":{"line":1,"column":15},"end":{"line":7,"column":1}},"1":{"start":{"line":9,"column":0},"end":{"line":9,"column":24}}},"fnMap":{},"branchMap":{},"s":{"0":5,"1":5},"f":{},"b":{},"_coverageSchema":"43e27e138ebf9cfc5966b082cf9a028302ed4184","hash":"70d06dcbcc450c9776029fcc66174b814c914d57"}
,"/Users/marbocheng/Desktop/maintenance-app/server/index.js": {"path":"/Users/marbocheng/Desktop/maintenance-app/server/index.js","statementMap":{"0":{"start":{"line":16,"column":16},"end":{"line":16,"column":34}},"1":{"start":{"line":17,"column":19},"end":{"line":17,"column":41}},"2":{"start":{"line":20,"column":15},"end":{"line":20,"column":54}},"3":{"start":{"line":23,"column":12},"end":{"line":23,"column":21}},"4":{"start":{"line":31,"column":0},"end":{"line":31,"column":55}},"5":{"start":{"line":34,"column":0},"end":{"line":34,"column":47}},"6":{"start":{"line":36,"column":0},"end":{"line":36,"column":51}},"7":{"start":{"line":37,"column":0},"end":{"line":37,"column":27}},"8":{"start":{"line":44,"column":0},"end":{"line":44,"column":68}},"9":{"start":{"line":44,"column":27},"end":{"line":44,"column":66}},"10":{"start":{"line":48,"column":0},"end":{"line":58,"column":3}},"11":{"start":{"line":51,"column":16},"end":{"line":51,"column":24}},"12":{"start":{"line":52,"column":2},"end":{"line":57,"column":3}},"13":{"start":{"line":53,"column":17},"end":{"line":53,"column":48}},"14":{"start":{"line":54,"column":4},"end":{"line":54,"column":31}},"15":{"start":{"line":56,"column":4},"end":{"line":56,"column":28}},"16":{"start":{"line":61,"column":0},"end":{"line":68,"column":3}},"17":{"start":{"line":62,"column":2},"end":{"line":67,"column":3}},"18":{"start":{"line":63,"column":22},"end":{"line":63,"column":49}},"19":{"start":{"line":64,"column":4},"end":{"line":64,"column":36}},"20":{"start":{"line":66,"column":4},"end":{"line":66,"column":28}},"21":{"start":{"line":71,"column":0},"end":{"line":78,"column":3}},"22":{"start":{"line":72,"column":2},"end":{"line":77,"column":3}},"23":{"start":{"line":73,"column":26},"end":{"line":73,"column":60}},"24":{"start":{"line":74,"column":4},"end":{"line":74,"column":40}},"25":{"start":{"line":76,"column":4},"end":{"line":76,"column":28}},"26":{"start":{"line":81,"column":0},"end":{"line":88,"column":3}},"27":{"start":{"line":82,"column":2},"end":{"line":87,"column":3}},"28":{"start":{"line":83,"column":29},"end":{"line":83,"column":66}},"29":{"start":{"line":84,"column":4},"end":{"line":84,"column":43}},"30":{"start":{"line":86,"column":4},"end":{"line":86,"column":28}},"31":{"start":{"line":91,"column":0},"end":{"line":100,"column":3}},"32":{"start":{"line":92,"column":25},"end":{"line":92,"column":34}},"33":{"start":{"line":93,"column":2},"end":{"line":99,"column":3}},"34":{"start":{"line":94,"column":26},"end":{"line":94,"column":82}},"35":{"start":{"line":96,"column":4},"end":{"line":96,"column":45}},"36":{"start":{"line":98,"column":4},"end":{"line":98,"column":39}},"37":{"start":{"line":103,"column":0},"end":{"line":111,"column":3}},"38":{"start":{"line":104,"column":25},"end":{"line":104,"column":34}},"39":{"start":{"line":105,"column":2},"end":{"line":110,"column":3}},"40":{"start":{"line":106,"column":27},"end":{"line":106,"column":82}},"41":{"start":{"line":107,"column":4},"end":{"line":107,"column":41}},"42":{"start":{"line":109,"column":4},"end":{"line":109,"column":39}},"43":{"start":{"line":115,"column":0},"end":{"line":123,"column":3}},"44":{"start":{"line":116,"column":25},"end":{"line":116,"column":34}},"45":{"start":{"line":117,"column":2},"end":{"line":122,"column":3}},"46":{"start":{"line":118,"column":27},"end":{"line":118,"column":82}},"47":{"start":{"line":119,"column":4},"end":{"line":119,"column":41}},"48":{"start":{"line":121,"column":4},"end":{"line":121,"column":28}},"49":{"start":{"line":126,"column":0},"end":{"line":133,"column":3}},"50":{"start":{"line":127,"column":2},"end":{"line":132,"column":3}},"51":{"start":{"line":128,"column":27},"end":{"line":128,"column":62}},"52":{"start":{"line":129,"column":4},"end":{"line":129,"column":41}},"53":{"start":{"line":131,"column":4},"end":{"line":131,"column":28}},"54":{"start":{"line":137,"column":0},"end":{"line":145,"column":3}},"55":{"start":{"line":138,"column":24},"end":{"line":138,"column":33}},"56":{"start":{"line":139,"column":2},"end":{"line":144,"column":3}},"57":{"start":{"line":140,"column":38},"end":{"line":140,"column":91}},"58":{"start":{"line":141,"column":4},"end":{"line":141,"column":52}},"59":{"start":{"line":143,"column":4},"end":{"line":143,"column":28}},"60":{"start":{"line":149,"column":0},"end":{"line":157,"column":3}},"61":{"start":{"line":150,"column":22},"end":{"line":150,"column":31}},"62":{"start":{"line":151,"column":2},"end":{"line":156,"column":3}},"63":{"start":{"line":152,"column":18},"end":{"line":152,"column":48}},"64":{"start":{"line":153,"column":4},"end":{"line":153,"column":32}},"65":{"start":{"line":155,"column":4},"end":{"line":155,"column":39}},"66":{"start":{"line":160,"column":0},"end":{"line":168,"column":3}},"67":{"start":{"line":161,"column":16},"end":{"line":161,"column":24}},"68":{"start":{"line":162,"column":2},"end":{"line":167,"column":3}},"69":{"start":{"line":163,"column":24},"end":{"line":163,"column":55}},"70":{"start":{"line":164,"column":4},"end":{"line":164,"column":38}},"71":{"start":{"line":166,"column":4},"end":{"line":166,"column":28}},"72":{"start":{"line":171,"column":0},"end":{"line":179,"column":3}},"73":{"start":{"line":172,"column":16},"end":{"line":172,"column":24}},"74":{"start":{"line":173,"column":2},"end":{"line":178,"column":3}},"75":{"start":{"line":174,"column":24},"end":{"line":174,"column":63}},"76":{"start":{"line":175,"column":4},"end":{"line":175,"column":38}},"77":{"start":{"line":177,"column":4},"end":{"line":177,"column":28}},"78":{"start":{"line":182,"column":0},"end":{"line":192,"column":3}},"79":{"start":{"line":183,"column":16},"end":{"line":183,"column":24}},"80":{"start":{"line":184,"column":2},"end":{"line":184,"column":21}},"81":{"start":{"line":185,"column":2},"end":{"line":191,"column":3}},"82":{"start":{"line":186,"column":25},"end":{"line":186,"column":63}},"83":{"start":{"line":187,"column":4},"end":{"line":187,"column":39}},"84":{"start":{"line":189,"column":4},"end":{"line":189,"column":19}},"85":{"start":{"line":190,"column":4},"end":{"line":190,"column":28}},"86":{"start":{"line":195,"column":0},"end":{"line":204,"column":3}},"87":{"start":{"line":196,"column":22},"end":{"line":196,"column":30}},"88":{"start":{"line":198,"column":2},"end":{"line":203,"column":3}},"89":{"start":{"line":199,"column":24},"end":{"line":199,"column":57}},"90":{"start":{"line":200,"column":4},"end":{"line":200,"column":38}},"91":{"start":{"line":202,"column":4},"end":{"line":202,"column":28}},"92":{"start":{"line":207,"column":0},"end":{"line":214,"column":3}},"93":{"start":{"line":208,"column":2},"end":{"line":213,"column":3}},"94":{"start":{"line":209,"column":23},"end":{"line":209,"column":54}},"95":{"start":{"line":210,"column":4},"end":{"line":210,"column":37}},"96":{"start":{"line":212,"column":4},"end":{"line":212,"column":28}},"97":{"start":{"line":216,"column":0},"end":{"line":224,"column":3}},"98":{"start":{"line":217,"column":23},"end":{"line":217,"column":31}},"99":{"start":{"line":218,"column":2},"end":{"line":223,"column":3}},"100":{"start":{"line":219,"column":27},"end":{"line":219,"column":64}},"101":{"start":{"line":220,"column":4},"end":{"line":220,"column":41}},"102":{"start":{"line":222,"column":4},"end":{"line":222,"column":28}},"103":{"start":{"line":226,"column":0},"end":{"line":235,"column":3}},"104":{"start":{"line":227,"column":25},"end":{"line":227,"column":33}},"105":{"start":{"line":228,"column":23},"end":{"line":228,"column":31}},"106":{"start":{"line":229,"column":2},"end":{"line":234,"column":3}},"107":{"start":{"line":230,"column":27},"end":{"line":230,"column":76}},"108":{"start":{"line":231,"column":4},"end":{"line":231,"column":41}},"109":{"start":{"line":233,"column":4},"end":{"line":233,"column":28}},"110":{"start":{"line":237,"column":0},"end":{"line":245,"column":3}},"111":{"start":{"line":238,"column":25},"end":{"line":238,"column":33}},"112":{"start":{"line":239,"column":2},"end":{"line":244,"column":3}},"113":{"start":{"line":240,"column":27},"end":{"line":240,"column":66}},"114":{"start":{"line":241,"column":4},"end":{"line":241,"column":39}},"115":{"start":{"line":243,"column":4},"end":{"line":243,"column":28}},"116":{"start":{"line":246,"column":0},"end":{"line":256,"column":3}},"117":{"start":{"line":247,"column":25},"end":{"line":247,"column":33}},"118":{"start":{"line":248,"column":26},"end":{"line":248,"column":34}},"119":{"start":{"line":250,"column":2},"end":{"line":255,"column":3}},"120":{"start":{"line":251,"column":30},"end":{"line":251,"column":85}},"121":{"start":{"line":252,"column":4},"end":{"line":252,"column":44}},"122":{"start":{"line":254,"column":4},"end":{"line":254,"column":28}},"123":{"start":{"line":258,"column":0},"end":{"line":266,"column":3}},"124":{"start":{"line":259,"column":22},"end":{"line":259,"column":30}},"125":{"start":{"line":260,"column":2},"end":{"line":265,"column":3}},"126":{"start":{"line":261,"column":30},"end":{"line":261,"column":73}},"127":{"start":{"line":262,"column":4},"end":{"line":262,"column":44}},"128":{"start":{"line":264,"column":4},"end":{"line":264,"column":28}},"129":{"start":{"line":268,"column":0},"end":{"line":275,"column":3}},"130":{"start":{"line":269,"column":2},"end":{"line":274,"column":3}},"131":{"start":{"line":270,"column":26},"end":{"line":270,"column":60}},"132":{"start":{"line":271,"column":4},"end":{"line":271,"column":45}},"133":{"start":{"line":273,"column":4},"end":{"line":273,"column":28}},"134":{"start":{"line":277,"column":0},"end":{"line":285,"column":3}},"135":{"start":{"line":278,"column":25},"end":{"line":278,"column":34}},"136":{"start":{"line":279,"column":2},"end":{"line":284,"column":3}},"137":{"start":{"line":280,"column":31},"end":{"line":280,"column":87}},"138":{"start":{"line":281,"column":4},"end":{"line":281,"column":45}},"139":{"start":{"line":283,"column":4},"end":{"line":283,"column":28}},"140":{"start":{"line":287,"column":0},"end":{"line":295,"column":3}},"141":{"start":{"line":288,"column":28},"end":{"line":288,"column":36}},"142":{"start":{"line":289,"column":2},"end":{"line":294,"column":3}},"143":{"start":{"line":290,"column":30},"end":{"line":290,"column":75}},"144":{"start":{"line":291,"column":4},"end":{"line":291,"column":44}},"145":{"start":{"line":293,"column":4},"end":{"line":293,"column":28}},"146":{"start":{"line":297,"column":0},"end":{"line":304,"column":3}},"147":{"start":{"line":298,"column":2},"end":{"line":303,"column":3}},"148":{"start":{"line":299,"column":36},"end":{"line":299,"column":80}},"149":{"start":{"line":300,"column":4},"end":{"line":300,"column":50}},"150":{"start":{"line":302,"column":4},"end":{"line":302,"column":28}},"151":{"start":{"line":307,"column":0},"end":{"line":315,"column":3}},"152":{"start":{"line":308,"column":18},"end":{"line":308,"column":26}},"153":{"start":{"line":309,"column":2},"end":{"line":314,"column":3}},"154":{"start":{"line":310,"column":26},"end":{"line":310,"column":61}},"155":{"start":{"line":311,"column":4},"end":{"line":311,"column":40}},"156":{"start":{"line":313,"column":4},"end":{"line":313,"column":28}},"157":{"start":{"line":317,"column":0},"end":{"line":324,"column":3}},"158":{"start":{"line":318,"column":2},"end":{"line":323,"column":3}},"159":{"start":{"line":319,"column":21},"end":{"line":319,"column":49}},"160":{"start":{"line":320,"column":4},"end":{"line":320,"column":35}},"161":{"start":{"line":322,"column":4},"end":{"line":322,"column":28}},"162":{"start":{"line":326,"column":0},"end":{"line":334,"column":3}},"163":{"start":{"line":327,"column":25},"end":{"line":327,"column":34}},"164":{"start":{"line":328,"column":2},"end":{"line":333,"column":3}},"165":{"start":{"line":329,"column":21},"end":{"line":329,"column":71}},"166":{"start":{"line":330,"column":4},"end":{"line":330,"column":35}},"167":{"start":{"line":332,"column":4},"end":{"line":332,"column":39}},"168":{"start":{"line":335,"column":0},"end":{"line":343,"column":3}},"169":{"start":{"line":336,"column":18},"end":{"line":336,"column":26}},"170":{"start":{"line":337,"column":2},"end":{"line":342,"column":3}},"171":{"start":{"line":338,"column":24},"end":{"line":338,"column":59}},"172":{"start":{"line":339,"column":4},"end":{"line":339,"column":38}},"173":{"start":{"line":341,"column":4},"end":{"line":341,"column":28}},"174":{"start":{"line":345,"column":0},"end":{"line":353,"column":3}},"175":{"start":{"line":346,"column":24},"end":{"line":346,"column":32}},"176":{"start":{"line":347,"column":2},"end":{"line":352,"column":3}},"177":{"start":{"line":348,"column":26},"end":{"line":348,"column":63}},"178":{"start":{"line":349,"column":4},"end":{"line":349,"column":40}},"179":{"start":{"line":351,"column":4},"end":{"line":351,"column":28}},"180":{"start":{"line":355,"column":0},"end":{"line":362,"column":3}},"181":{"start":{"line":356,"column":2},"end":{"line":361,"column":3}},"182":{"start":{"line":357,"column":27},"end":{"line":357,"column":64}},"183":{"start":{"line":358,"column":4},"end":{"line":358,"column":41}},"184":{"start":{"line":360,"column":4},"end":{"line":360,"column":28}},"185":{"start":{"line":365,"column":0},"end":{"line":365,"column":21}}},"fnMap":{"0":{"name":"(anonymous_0)","decl":{"start":{"line":44,"column":13},"end":{"line":44,"column":14}},"loc":{"start":{"line":44,"column":27},"end":{"line":44,"column":66}},"line":44},"1":{"name":"(anonymous_1)","decl":{"start":{"line":48,"column":23},"end":{"line":48,"column":24}},"loc":{"start":{"line":48,"column":43},"end":{"line":58,"column":1}},"line":48},"2":{"name":"(anonymous_2)","decl":{"start":{"line":61,"column":23},"end":{"line":61,"column":24}},"loc":{"start":{"line":61,"column":43},"end":{"line":68,"column":1}},"line":61},"3":{"name":"(anonymous_3)","decl":{"start":{"line":71,"column":31},"end":{"line":71,"column":32}},"loc":{"start":{"line":71,"column":51},"end":{"line":78,"column":1}},"line":71},"4":{"name":"(anonymous_4)","decl":{"start":{"line":81,"column":35},"end":{"line":81,"column":36}},"loc":{"start":{"line":81,"column":55},"end":{"line":88,"column":1}},"line":81},"5":{"name":"(anonymous_5)","decl":{"start":{"line":91,"column":40},"end":{"line":91,"column":41}},"loc":{"start":{"line":91,"column":60},"end":{"line":100,"column":1}},"line":91},"6":{"name":"(anonymous_6)","decl":{"start":{"line":103,"column":41},"end":{"line":103,"column":42}},"loc":{"start":{"line":103,"column":61},"end":{"line":111,"column":1}},"line":103},"7":{"name":"(anonymous_7)","decl":{"start":{"line":115,"column":41},"end":{"line":115,"column":42}},"loc":{"start":{"line":115,"column":61},"end":{"line":123,"column":1}},"line":115},"8":{"name":"(anonymous_8)","decl":{"start":{"line":126,"column":32},"end":{"line":126,"column":33}},"loc":{"start":{"line":126,"column":52},"end":{"line":133,"column":1}},"line":126},"9":{"name":"(anonymous_9)","decl":{"start":{"line":137,"column":31},"end":{"line":137,"column":32}},"loc":{"start":{"line":137,"column":51},"end":{"line":145,"column":1}},"line":137},"10":{"name":"(anonymous_10)","decl":{"start":{"line":149,"column":22},"end":{"line":149,"column":23}},"loc":{"start":{"line":149,"column":42},"end":{"line":157,"column":1}},"line":149},"11":{"name":"(anonymous_11)","decl":{"start":{"line":160,"column":23},"end":{"line":160,"column":24}},"loc":{"start":{"line":160,"column":43},"end":{"line":168,"column":1}},"line":160},"12":{"name":"(anonymous_12)","decl":{"start":{"line":171,"column":31},"end":{"line":171,"column":32}},"loc":{"start":{"line":171,"column":51},"end":{"line":179,"column":1}},"line":171},"13":{"name":"(anonymous_13)","decl":{"start":{"line":182,"column":30},"end":{"line":182,"column":31}},"loc":{"start":{"line":182,"column":50},"end":{"line":192,"column":1}},"line":182},"14":{"name":"(anonymous_14)","decl":{"start":{"line":195,"column":25},"end":{"line":195,"column":26}},"loc":{"start":{"line":195,"column":45},"end":{"line":204,"column":1}},"line":195},"15":{"name":"(anonymous_15)","decl":{"start":{"line":207,"column":27},"end":{"line":207,"column":28}},"loc":{"start":{"line":207,"column":47},"end":{"line":214,"column":1}},"line":207},"16":{"name":"(anonymous_16)","decl":{"start":{"line":216,"column":26},"end":{"line":216,"column":27}},"loc":{"start":{"line":216,"column":46},"end":{"line":224,"column":1}},"line":216},"17":{"name":"(anonymous_17)","decl":{"start":{"line":226,"column":25},"end":{"line":226,"column":26}},"loc":{"start":{"line":226,"column":45},"end":{"line":235,"column":1}},"line":226},"18":{"name":"(anonymous_18)","decl":{"start":{"line":237,"column":28},"end":{"line":237,"column":29}},"loc":{"start":{"line":237,"column":48},"end":{"line":245,"column":1}},"line":237},"19":{"name":"(anonymous_19)","decl":{"start":{"line":246,"column":29},"end":{"line":246,"column":30}},"loc":{"start":{"line":246,"column":49},"end":{"line":256,"column":1}},"line":246},"20":{"name":"(anonymous_20)","decl":{"start":{"line":258,"column":28},"end":{"line":258,"column":29}},"loc":{"start":{"line":258,"column":48},"end":{"line":266,"column":1}},"line":258},"21":{"name":"(anonymous_21)","decl":{"start":{"line":268,"column":30},"end":{"line":268,"column":31}},"loc":{"start":{"line":268,"column":50},"end":{"line":275,"column":1}},"line":268},"22":{"name":"(anonymous_22)","decl":{"start":{"line":277,"column":41},"end":{"line":277,"column":42}},"loc":{"start":{"line":277,"column":61},"end":{"line":285,"column":1}},"line":277},"23":{"name":"(anonymous_23)","decl":{"start":{"line":287,"column":31},"end":{"line":287,"column":32}},"loc":{"start":{"line":287,"column":51},"end":{"line":295,"column":1}},"line":287},"24":{"name":"(anonymous_24)","decl":{"start":{"line":297,"column":40},"end":{"line":297,"column":41}},"loc":{"start":{"line":297,"column":60},"end":{"line":304,"column":1}},"line":297},"25":{"name":"(anonymous_25)","decl":{"start":{"line":307,"column":25},"end":{"line":307,"column":26}},"loc":{"start":{"line":307,"column":45},"end":{"line":315,"column":1}},"line":307},"26":{"name":"(anonymous_26)","decl":{"start":{"line":317,"column":25},"end":{"line":317,"column":26}},"loc":{"start":{"line":317,"column":45},"end":{"line":324,"column":1}},"line":317},"27":{"name":"(anonymous_27)","decl":{"start":{"line":326,"column":36},"end":{"line":326,"column":37}},"loc":{"start":{"line":326,"column":56},"end":{"line":334,"column":1}},"line":326},"28":{"name":"(anonymous_28)","decl":{"start":{"line":335,"column":24},"end":{"line":335,"column":25}},"loc":{"start":{"line":335,"column":44},"end":{"line":343,"column":1}},"line":335},"29":{"name":"(anonymous_29)","decl":{"start":{"line":345,"column":27},"end":{"line":345,"column":28}},"loc":{"start":{"line":345,"column":47},"end":{"line":353,"column":1}},"line":345},"30":{"name":"(anonymous_30)","decl":{"start":{"line":355,"column":30},"end":{"line":355,"column":31}},"loc":{"start":{"line":355,"column":50},"end":{"line":362,"column":1}},"line":355}},"branchMap":{},"s":{"0":5,"1":5,"2":5,"3":5,"4":5,"5":5,"6":5,"7":5,"8":5,"9":0,"10":5,"11":0,"12":0,"13":0,"14":0,"15":0,"16":5,"17":1,"18":1,"19":1,"20":0,"21":5,"22":1,"23":1,"24":1,"25":0,"26":5,"27":0,"28":0,"29":0,"30":0,"31":5,"32":3,"33":3,"34":3,"35":1,"36":2,"37":5,"38":3,"39":3,"40":3,"41":2,"42":1,"43":5,"44":3,"45":3,"46":3,"47":3,"48":0,"49":5,"50":0,"51":0,"52":0,"53":0,"54":5,"55":0,"56":0,"57":0,"58":0,"59":0,"60":5,"61":2,"62":2,"63":2,"64":1,"65":1,"66":5,"67":0,"68":0,"69":0,"70":0,"71":0,"72":5,"73":0,"74":0,"75":0,"76":0,"77":0,"78":5,"79":0,"80":0,"81":0,"82":0,"83":0,"84":0,"85":0,"86":5,"87":0,"88":0,"89":0,"90":0,"91":0,"92":5,"93":0,"94":0,"95":0,"96":0,"97":5,"98":0,"99":0,"100":0,"101":0,"102":0,"103":5,"104":0,"105":0,"106":0,"107":0,"108":0,"109":0,"110":5,"111":0,"112":0,"113":0,"114":0,"115":0,"116":5,"117":0,"118":0,"119":0,"120":0,"121":0,"122":0,"123":5,"124":0,"125":0,"126":0,"127":0,"128":0,"129":5,"130":0,"131":0,"132":0,"133":0,"134":5,"135":0,"136":0,"137":0,"138":0,"139":0,"140":5,"141":0,"142":0,"143":0,"144":0,"145":0,"146":5,"147":0,"148":0,"149":0,"150":0,"151":5,"152":0,"153":0,"154":0,"155":0,"156":0,"157":5,"158":1,"159":1,"160":1,"161":0,"162":5,"163":3,"164":3,"165":3,"166":2,"167":1,"168":5,"169":0,"170":0,"171":0,"172":0,"173":0,"174":5,"175":0,"176":0,"177":0,"178":0,"179":0,"180":5,"181":0,"182":0,"183":0,"184":0,"185":5},"f":{"0":0,"1":0,"2":1,"3":1,"4":0,"5":3,"6":3,"7":3,"8":0,"9":0,"10":2,"11":0,"12":0,"13":0,"14":0,"15":0,"16":0,"17":0,"18":0,"19":0,"20":0,"21":0,"22":0,"23":0,"24":0,"25":0,"26":1,"27":3,"28":0,"29":0,"30":0},"b":{},"_coverageSchema":"43e27e138ebf9cfc5966b082cf9a028302ed4184","hash":"b4500049077679d92bbe5db500cabdadf40b794a"}
}
