TN:
SF:/Users/marbocheng/Desktop/maintenance-app/db-postgres/connection.js
FNF:0
FNH:0
DA:1,5
DA:2,5
DA:4,5
DA:6,5
LF:4
LH:4
BRF:0
BRH:0
end_of_record
TN:
SF:/Users/marbocheng/Desktop/maintenance-app/db-postgres/controller.js
FN:4,(anonymous_0)
FN:8,(anonymous_1)
FN:9,(anonymous_2)
FN:15,(anonymous_3)
FN:21,(anonymous_4)
FN:22,(anonymous_5)
FN:29,(anonymous_6)
FN:46,(anonymous_7)
FN:47,(anonymous_8)
FN:54,(anonymous_9)
FN:64,(anonymous_10)
FN:65,(anonymous_11)
FN:72,(anonymous_12)
FN:81,(anonymous_13)
FN:82,(anonymous_14)
FN:89,(anonymous_15)
FN:99,(anonymous_16)
FN:100,(anonymous_17)
FN:107,(anonymous_18)
FN:118,(anonymous_19)
FN:119,(anonymous_20)
FN:126,(anonymous_21)
FN:135,(anonymous_22)
FN:136,(anonymous_23)
FN:145,(anonymous_24)
FN:156,(anonymous_25)
FN:157,(anonymous_26)
FN:165,(anonymous_27)
FN:173,(anonymous_28)
FN:174,(anonymous_29)
FN:180,(anonymous_30)
FN:185,(anonymous_31)
FN:186,(anonymous_32)
FN:193,(anonymous_33)
FN:197,(anonymous_34)
FN:198,(anonymous_35)
FN:205,(anonymous_36)
FN:209,(anonymous_37)
FN:210,(anonymous_38)
FN:218,(anonymous_39)
FN:221,(anonymous_40)
FN:222,(anonymous_41)
FN:230,(anonymous_42)
FN:232,(anonymous_43)
FN:233,(anonymous_44)
FN:240,(anonymous_45)
FN:242,(anonymous_46)
FN:243,(anonymous_47)
FN:250,(anonymous_48)
FN:252,(anonymous_49)
FN:253,(anonymous_50)
FN:260,(anonymous_51)
FN:262,(anonymous_52)
FN:263,(anonymous_53)
FN:271,(anonymous_54)
FN:273,(anonymous_55)
FN:274,(anonymous_56)
FN:280,(anonymous_57)
FN:282,(anonymous_58)
FN:283,(anonymous_59)
FN:289,(anonymous_60)
FN:291,(anonymous_61)
FN:292,(anonymous_62)
FN:299,(anonymous_63)
FN:301,(anonymous_64)
FN:302,(anonymous_65)
FN:309,(anonymous_66)
FN:311,(anonymous_67)
FN:312,(anonymous_68)
FN:319,(anonymous_69)
FN:325,(anonymous_70)
FN:326,(anonymous_71)
FN:333,(anonymous_72)
FN:336,(anonymous_73)
FN:337,(anonymous_74)
FN:343,(anonymous_75)
FN:349,(anonymous_76)
FN:350,(anonymous_77)
FN:357,(anonymous_78)
FN:360,(anonymous_79)
FN:361,(anonymous_80)
FN:368,(anonymous_81)
FN:372,(anonymous_82)
FN:373,(anonymous_83)
FN:380,(anonymous_84)
FN:382,(anonymous_85)
FN:383,(anonymous_86)
FN:391,(anonymous_87)
FN:399,(anonymous_88)
FN:400,(anonymous_89)
FNF:90
FNH:24
FNDA:0,(anonymous_0)
FNDA:0,(anonymous_1)
FNDA:0,(anonymous_2)
FNDA:1,(anonymous_3)
FNDA:1,(anonymous_4)
FNDA:1,(anonymous_5)
FNDA:1,(anonymous_6)
FNDA:1,(anonymous_7)
FNDA:1,(anonymous_8)
FNDA:0,(anonymous_9)
FNDA:0,(anonymous_10)
FNDA:0,(anonymous_11)
FNDA:3,(anonymous_12)
FNDA:3,(anonymous_13)
FNDA:3,(anonymous_14)
FNDA:3,(anonymous_15)
FNDA:3,(anonymous_16)
FNDA:3,(anonymous_17)
FNDA:3,(anonymous_18)
FNDA:3,(anonymous_19)
FNDA:3,(anonymous_20)
FNDA:0,(anonymous_21)
FNDA:0,(anonymous_22)
FNDA:0,(anonymous_23)
FNDA:0,(anonymous_24)
FNDA:0,(anonymous_25)
FNDA:0,(anonymous_26)
FNDA:2,(anonymous_27)
FNDA:2,(anonymous_28)
FNDA:2,(anonymous_29)
FNDA:0,(anonymous_30)
FNDA:0,(anonymous_31)
FNDA:0,(anonymous_32)
FNDA:0,(anonymous_33)
FNDA:0,(anonymous_34)
FNDA:0,(anonymous_35)
FNDA:0,(anonymous_36)
FNDA:0,(anonymous_37)
FNDA:0,(anonymous_38)
FNDA:0,(anonymous_39)
FNDA:0,(anonymous_40)
FNDA:0,(anonymous_41)
FNDA:0,(anonymous_42)
FNDA:0,(anonymous_43)
FNDA:0,(anonymous_44)
FNDA:0,(anonymous_45)
FNDA:0,(anonymous_46)
FNDA:0,(anonymous_47)
FNDA:0,(anonymous_48)
FNDA:0,(anonymous_49)
FNDA:0,(anonymous_50)
FNDA:0,(anonymous_51)
FNDA:0,(anonymous_52)
FNDA:0,(anonymous_53)
FNDA:0,(anonymous_54)
FNDA:0,(anonymous_55)
FNDA:0,(anonymous_56)
FNDA:0,(anonymous_57)
FNDA:0,(anonymous_58)
FNDA:0,(anonymous_59)
FNDA:0,(anonymous_60)
FNDA:0,(anonymous_61)
FNDA:0,(anonymous_62)
FNDA:0,(anonymous_63)
FNDA:0,(anonymous_64)
FNDA:0,(anonymous_65)
FNDA:0,(anonymous_66)
FNDA:0,(anonymous_67)
FNDA:0,(anonymous_68)
FNDA:0,(anonymous_69)
FNDA:0,(anonymous_70)
FNDA:0,(anonymous_71)
FNDA:0,(anonymous_72)
FNDA:0,(anonymous_73)
FNDA:0,(anonymous_74)
FNDA:1,(anonymous_75)
FNDA:1,(anonymous_76)
FNDA:1,(anonymous_77)
FNDA:3,(anonymous_78)
FNDA:3,(anonymous_79)
FNDA:3,(anonymous_80)
FNDA:0,(anonymous_81)
FNDA:0,(anonymous_82)
FNDA:0,(anonymous_83)
FNDA:0,(anonymous_84)
FNDA:0,(anonymous_85)
FNDA:0,(anonymous_86)
FNDA:0,(anonymous_87)
FNDA:0,(anonymous_88)
FNDA:0,(anonymous_89)
DA:1,5
DA:4,5
DA:5,0
DA:8,0
DA:9,0
DA:10,0
DA:11,0
DA:15,5
DA:16,1
DA:21,1
DA:22,1
DA:23,1
DA:24,1
DA:29,5
DA:30,1
DA:32,1
DA:33,5
DA:40,5
DA:41,4
DA:46,1
DA:47,1
DA:48,1
DA:49,1
DA:54,5
DA:55,0
DA:64,0
DA:65,0
DA:66,0
DA:67,0
DA:72,5
DA:73,3
DA:81,3
DA:82,3
DA:83,3
DA:84,1
DA:89,5
DA:90,3
DA:99,3
DA:100,3
DA:101,3
DA:102,2
DA:107,5
DA:108,3
DA:118,3
DA:119,3
DA:120,3
DA:121,3
DA:126,5
DA:127,0
DA:135,0
DA:136,0
DA:137,0
DA:138,0
DA:139,0
DA:145,5
DA:146,0
DA:156,0
DA:157,0
DA:158,0
DA:159,0
DA:161,0
DA:165,5
DA:166,2
DA:173,2
DA:174,2
DA:175,2
DA:176,1
DA:180,5
DA:181,0
DA:185,0
DA:186,0
DA:187,0
DA:188,0
DA:193,5
DA:194,0
DA:197,0
DA:198,0
DA:199,0
DA:200,0
DA:205,5
DA:206,0
DA:208,0
DA:209,0
DA:210,0
DA:211,0
DA:212,0
DA:213,0
DA:218,5
DA:219,0
DA:221,0
DA:222,0
DA:223,0
DA:224,0
DA:230,5
DA:231,0
DA:232,0
DA:233,0
DA:234,0
DA:235,0
DA:240,5
DA:241,0
DA:242,0
DA:243,0
DA:244,0
DA:245,0
DA:250,5
DA:251,0
DA:252,0
DA:253,0
DA:254,0
DA:255,0
DA:260,5
DA:261,0
DA:262,0
DA:263,0
DA:264,0
DA:265,0
DA:271,5
DA:272,0
DA:273,0
DA:274,0
DA:275,0
DA:276,0
DA:280,5
DA:281,0
DA:282,0
DA:283,0
DA:284,0
DA:285,0
DA:289,5
DA:290,0
DA:291,0
DA:292,0
DA:293,0
DA:294,0
DA:299,5
DA:300,0
DA:301,0
DA:302,0
DA:303,0
DA:304,0
DA:309,5
DA:310,0
DA:311,0
DA:312,0
DA:313,0
DA:314,0
DA:319,5
DA:320,0
DA:325,0
DA:326,0
DA:327,0
DA:328,0
DA:333,5
DA:334,0
DA:336,0
DA:337,0
DA:338,0
DA:339,0
DA:343,5
DA:344,1
DA:349,1
DA:350,1
DA:351,1
DA:352,1
DA:357,5
DA:358,3
DA:360,3
DA:361,3
DA:362,3
DA:363,2
DA:368,5
DA:369,0
DA:372,0
DA:373,0
DA:374,0
DA:375,0
DA:380,5
DA:381,0
DA:382,0
DA:383,0
DA:384,0
DA:385,0
DA:391,5
DA:392,0
DA:399,0
DA:400,0
DA:401,0
DA:402,0
DA:407,5
LF:190
LH:76
BRDA:10,0,0,0
BRDA:10,0,1,0
BRDA:23,1,0,0
BRDA:23,1,1,1
BRDA:40,2,0,4
BRDA:40,2,1,1
BRDA:48,3,0,0
BRDA:48,3,1,1
BRDA:66,4,0,0
BRDA:66,4,1,0
BRDA:83,5,0,2
BRDA:83,5,1,1
BRDA:101,6,0,1
BRDA:101,6,1,2
BRDA:120,7,0,0
BRDA:120,7,1,3
BRDA:138,8,0,0
BRDA:138,8,1,0
BRDA:158,9,0,0
BRDA:158,9,1,0
BRDA:175,10,0,1
BRDA:175,10,1,1
BRDA:187,11,0,0
BRDA:187,11,1,0
BRDA:199,12,0,0
BRDA:199,12,1,0
BRDA:212,13,0,0
BRDA:212,13,1,0
BRDA:223,14,0,0
BRDA:223,14,1,0
BRDA:234,15,0,0
BRDA:234,15,1,0
BRDA:244,16,0,0
BRDA:244,16,1,0
BRDA:254,17,0,0
BRDA:254,17,1,0
BRDA:264,18,0,0
BRDA:264,18,1,0
BRDA:275,19,0,0
BRDA:275,19,1,0
BRDA:284,20,0,0
BRDA:284,20,1,0
BRDA:293,21,0,0
BRDA:293,21,1,0
BRDA:303,22,0,0
BRDA:303,22,1,0
BRDA:313,23,0,0
BRDA:313,23,1,0
BRDA:327,24,0,0
BRDA:327,24,1,0
BRDA:338,25,0,0
BRDA:338,25,1,0
BRDA:351,26,0,0
BRDA:351,26,1,1
BRDA:362,27,0,1
BRDA:362,27,1,2
BRDA:374,28,0,0
BRDA:374,28,1,0
BRDA:384,29,0,0
BRDA:384,29,1,0
BRDA:401,30,0,0
BRDA:401,30,1,0
BRF:62
BRH:14
end_of_record
TN:
SF:/Users/marbocheng/Desktop/maintenance-app/db-postgres/dbconfig.js
FNF:0
FNH:0
DA:1,5
DA:9,5
LF:2
LH:2
BRF:0
BRH:0
end_of_record
TN:
SF:/Users/marbocheng/Desktop/maintenance-app/server/index.js
FN:44,(anonymous_0)
FN:48,(anonymous_1)
FN:61,(anonymous_2)
FN:71,(anonymous_3)
FN:81,(anonymous_4)
FN:91,(anonymous_5)
FN:103,(anonymous_6)
FN:115,(anonymous_7)
FN:126,(anonymous_8)
FN:137,(anonymous_9)
FN:149,(anonymous_10)
FN:160,(anonymous_11)
FN:171,(anonymous_12)
FN:182,(anonymous_13)
FN:195,(anonymous_14)
FN:207,(anonymous_15)
FN:216,(anonymous_16)
FN:226,(anonymous_17)
FN:237,(anonymous_18)
FN:246,(anonymous_19)
FN:258,(anonymous_20)
FN:268,(anonymous_21)
FN:277,(anonymous_22)
FN:287,(anonymous_23)
FN:297,(anonymous_24)
FN:307,(anonymous_25)
FN:317,(anonymous_26)
FN:326,(anonymous_27)
FN:335,(anonymous_28)
FN:345,(anonymous_29)
FN:355,(anonymous_30)
FNF:31
FNH:8
FNDA:0,(anonymous_0)
FNDA:0,(anonymous_1)
FNDA:1,(anonymous_2)
FNDA:1,(anonymous_3)
FNDA:0,(anonymous_4)
FNDA:3,(anonymous_5)
FNDA:3,(anonymous_6)
FNDA:3,(anonymous_7)
FNDA:0,(anonymous_8)
FNDA:0,(anonymous_9)
FNDA:2,(anonymous_10)
FNDA:0,(anonymous_11)
FNDA:0,(anonymous_12)
FNDA:0,(anonymous_13)
FNDA:0,(anonymous_14)
FNDA:0,(anonymous_15)
FNDA:0,(anonymous_16)
FNDA:0,(anonymous_17)
FNDA:0,(anonymous_18)
FNDA:0,(anonymous_19)
FNDA:0,(anonymous_20)
FNDA:0,(anonymous_21)
FNDA:0,(anonymous_22)
FNDA:0,(anonymous_23)
FNDA:0,(anonymous_24)
FNDA:0,(anonymous_25)
FNDA:1,(anonymous_26)
FNDA:3,(anonymous_27)
FNDA:0,(anonymous_28)
FNDA:0,(anonymous_29)
FNDA:0,(anonymous_30)
DA:16,5
DA:17,5
DA:20,5
DA:23,5
DA:31,5
DA:34,5
DA:36,5
DA:37,5
DA:44,5
DA:48,5
DA:51,0
DA:52,0
DA:53,0
DA:54,0
DA:56,0
DA:61,5
DA:62,1
DA:63,1
DA:64,1
DA:66,0
DA:71,5
DA:72,1
DA:73,1
DA:74,1
DA:76,0
DA:81,5
DA:82,0
DA:83,0
DA:84,0
DA:86,0
DA:91,5
DA:92,3
DA:93,3
DA:94,3
DA:96,1
DA:98,2
DA:103,5
DA:104,3
DA:105,3
DA:106,3
DA:107,2
DA:109,1
DA:115,5
DA:116,3
DA:117,3
DA:118,3
DA:119,3
DA:121,0
DA:126,5
DA:127,0
DA:128,0
DA:129,0
DA:131,0
DA:137,5
DA:138,0
DA:139,0
DA:140,0
DA:141,0
DA:143,0
DA:149,5
DA:150,2
DA:151,2
DA:152,2
DA:153,1
DA:155,1
DA:160,5
DA:161,0
DA:162,0
DA:163,0
DA:164,0
DA:166,0
DA:171,5
DA:172,0
DA:173,0
DA:174,0
DA:175,0
DA:177,0
DA:182,5
DA:183,0
DA:184,0
DA:185,0
DA:186,0
DA:187,0
DA:189,0
DA:190,0
DA:195,5
DA:196,0
DA:198,0
DA:199,0
DA:200,0
DA:202,0
DA:207,5
DA:208,0
DA:209,0
DA:210,0
DA:212,0
DA:216,5
DA:217,0
DA:218,0
DA:219,0
DA:220,0
DA:222,0
DA:226,5
DA:227,0
DA:228,0
DA:229,0
DA:230,0
DA:231,0
DA:233,0
DA:237,5
DA:238,0
DA:239,0
DA:240,0
DA:241,0
DA:243,0
DA:246,5
DA:247,0
DA:248,0
DA:250,0
DA:251,0
DA:252,0
DA:254,0
DA:258,5
DA:259,0
DA:260,0
DA:261,0
DA:262,0
DA:264,0
DA:268,5
DA:269,0
DA:270,0
DA:271,0
DA:273,0
DA:277,5
DA:278,0
DA:279,0
DA:280,0
DA:281,0
DA:283,0
DA:287,5
DA:288,0
DA:289,0
DA:290,0
DA:291,0
DA:293,0
DA:297,5
DA:298,0
DA:299,0
DA:300,0
DA:302,0
DA:307,5
DA:308,0
DA:309,0
DA:310,0
DA:311,0
DA:313,0
DA:317,5
DA:318,1
DA:319,1
DA:320,1
DA:322,0
DA:326,5
DA:327,3
DA:328,3
DA:329,3
DA:330,2
DA:332,1
DA:335,5
DA:336,0
DA:337,0
DA:338,0
DA:339,0
DA:341,0
DA:345,5
DA:346,0
DA:347,0
DA:348,0
DA:349,0
DA:351,0
DA:355,5
DA:356,0
DA:357,0
DA:358,0
DA:360,0
DA:365,5
LF:185
LH:73
BRF:0
BRH:0
end_of_record
